10:40:43.402 request:
1 > POST https://api.yelp.com/v3/graphql
1 > Accept-Encoding: gzip,deflate
1 > Authorization: Bearer 5_nPFBUTmvLfrcBDBDz3JvpXc1zllnvgD6w3JBCQjN09_KV1q-I4iFrMLTuEtUlLj7QCAZkDnVfl47FgJEbSVBM8gQbpDjon-lz27yHXc1XwXGzQTv5isrK_dSI-X3Yx
1 > Connection: Keep-Alive
1 > Content-Length: 102
1 > Content-Type: application/json; charset=UTF-8
1 > Host: api.yelp.com
1 > User-Agent: Apache-HttpClient/4.5.11 (Java/1.8.0_222)
{"query":"{\n  business(id: \"garaje-san-francisco\"){\n    name\n    id\n    alias\n    url\n  }\n}"}

10:40:44.054 response time in milliseconds: 649.55
1 < 200
1 < Accept-Ranges: bytes
1 < Connection: keep-alive
1 < Date: Thu, 27 Aug 2020 09:40:44 GMT
1 < Vary: Accept-Encoding
1 < Via: 1.1 varnish
1 < X-Cache: MISS
1 < X-Cache-Hits: 0
1 < X-Served-By: cache-dub4332-DUB
1 < content-type: application/json
1 < server: openresty/1.13.6.2
1 < transfer-encoding: chunked
1 < x-b3-sampled: 0
1 < x-extlb: 10-65-64-83-useast1aprod
1 < x-proxied: 10-65-64-83-useast1aprod
1 < x-routing-service: routing-main--useast1-5bcb54c99f-mtp8t; site=public_api_v3
1 < x-zipkin-id: 2b0050eb8aa97bea
{"data":{"business":{"name":"Garaje","id":"tnhfDv5Il8EaGSXZGiuQGg","alias":"garaje-san-francisco","url":"https://www.yelp.com/biz/garaje-san-francisco?adjust_creative=6AbCaexLqwnJsHqFj_HZBQ&utm_campaign=yelp_api_v3&utm_medium=api_v3_graphql&utm_source=6AbCaexLqwnJsHqFj_HZBQ"}}}

10:40:44.057 assertion failed: path: $.data.business.name, actual: 'Garaje', expected: 'Garajehfjhsfdhk', reason: not equal
10:40:44.066 request:
1 > POST https://api.yelp.com/v3/graphql
1 > Accept-Encoding: gzip,deflate
1 > Authorization: Bearer 5_nPFBUTmvLfrcBDBDz3JvpXc1zllnvgD6w3JBCQjN09_KV1q-I4iFrMLTuEtUlLj7QCAZkDnVfl47FgJEbSVBM8gQbpDjon-lz27yHXc1XwXGzQTv5isrK_dSI-X3Yx
1 > Connection: Keep-Alive
1 > Content-Length: 75
1 > Content-Type: application/json; charset=UTF-8
1 > Host: api.yelp.com
1 > User-Agent: Apache-HttpClient/4.5.11 (Java/1.8.0_222)
{"query":"{\n  business(id: \"garaje-san-francisco\"){\n    alias\n  }\n}"}

10:40:44.360 response time in milliseconds: 293.53
1 < 200
1 < Accept-Ranges: bytes
1 < Connection: keep-alive
1 < Date: Thu, 27 Aug 2020 09:40:44 GMT
1 < Vary: Accept-Encoding
1 < Via: 1.1 varnish
1 < X-Cache: MISS
1 < X-Cache-Hits: 0
1 < X-Served-By: cache-dub4343-DUB
1 < content-type: application/json
1 < server: openresty/1.13.6.2
1 < transfer-encoding: chunked
1 < x-b3-sampled: 0
1 < x-extlb: 10-65-72-168-useast1aprod
1 < x-proxied: 10-65-72-168-useast1aprod
1 < x-routing-service: routing-main--useast1-5bcb54c99f-knh68; site=public_api_v3
1 < x-zipkin-id: 7499a942d6f71c6b
{"data":{"business":{"alias":"garaje-san-francisco"}}}

10:40:44.367 request:
1 > POST https://api.yelp.com/v3/graphql
1 > Accept-Encoding: gzip,deflate
1 > Authorization: Bearer 5_nPFBUTmvLfrcBDBDz3JvpXc1zllnvgD6w3JBCQjN09_KV1q-I4iFrMLTuEtUlLj7QCAZkDnVfl47FgJEbSVBM8gQbpDjon-lz27yHXc1XwXGzQTv5isrK_dSI-X3Yx
1 > Connection: Keep-Alive
1 > Content-Length: 80
1 > Content-Type: application/json; charset=UTF-8
1 > Host: api.yelp.com
1 > User-Agent: Apache-HttpClient/4.5.11 (Java/1.8.0_222)
{"query":"{\n  business(id: \"garaje-san-francisco\"){\n    is_claimed\n  }\n}"}

10:40:44.636 response time in milliseconds: 268.19
1 < 200
1 < Accept-Ranges: bytes
1 < Connection: keep-alive
1 < Date: Thu, 27 Aug 2020 09:40:44 GMT
1 < Vary: Accept-Encoding
1 < Via: 1.1 varnish
1 < X-Cache: MISS
1 < X-Cache-Hits: 0
1 < X-Served-By: cache-dub4327-DUB
1 < content-type: application/json
1 < server: openresty/1.13.6.2
1 < transfer-encoding: chunked
1 < x-b3-sampled: 0
1 < x-extlb: 10-65-190-208-useast1bprod
1 < x-proxied: 10-65-190-208-useast1bprod
1 < x-routing-service: routing-main--useast1-5bcb54c99f-5sr4s; site=public_api_v3
1 < x-zipkin-id: 86f038c0298ca249
{"data":{"business":{"is_claimed":true}}}

